<?xml version="1.0" encoding="UTF-8" ?>
<testsuite failures="0" time="0.051" errors="0" skipped="0" tests="1" name="au.net.abc.controller.MockResponseControllerTest">
  <properties>
    <property name="java.runtime.name" value="Java(TM) SE Runtime Environment"/>
    <property name="sun.boot.library.path" value="/local/apps/java/jdk1.6.0_30/jre/lib/amd64"/>
    <property name="java.vm.version" value="20.5-b03"/>
    <property name="java.vm.vendor" value="Sun Microsystems Inc."/>
    <property name="java.vendor.url" value="http://java.sun.com/"/>
    <property name="path.separator" value=":"/>
    <property name="guice.disable.misplaced.annotation.check" value="true"/>
    <property name="java.vm.name" value="Java HotSpot(TM) 64-Bit Server VM"/>
    <property name="file.encoding.pkg" value="sun.io"/>
    <property name="user.country" value="US"/>
    <property name="sun.java.launcher" value="SUN_STANDARD"/>
    <property name="sun.os.patch.level" value="unknown"/>
    <property name="java.vm.specification.name" value="Java Virtual Machine Specification"/>
    <property name="user.dir" value="/home/bakerp2y/workspace2/MockServer"/>
    <property name="java.runtime.version" value="1.6.0_30-b12"/>
    <property name="java.awt.graphicsenv" value="sun.awt.X11GraphicsEnvironment"/>
    <property name="java.endorsed.dirs" value="/local/apps/java/jdk1.6.0_30/jre/lib/endorsed"/>
    <property name="os.arch" value="amd64"/>
    <property name="java.io.tmpdir" value="/tmp"/>
    <property name="line.separator" value="
"/>
    <property name="java.vm.specification.vendor" value="Sun Microsystems Inc."/>
    <property name="os.name" value="Linux"/>
    <property name="classworlds.conf" value="/local/apps/maven/current/bin/m2.conf"/>
    <property name="sun.jnu.encoding" value="ANSI_X3.4-1968"/>
    <property name="java.library.path" value="/local/apps/java/jdk1.6.0_30/jre/lib/amd64/server:/local/apps/java/jdk1.6.0_30/jre/lib/amd64:/local/apps/java/jdk1.6.0_30/jre/../lib/amd64:/usr/java/packages/lib/amd64:/usr/lib64:/lib64:/lib:/usr/lib"/>
    <property name="java.specification.name" value="Java Platform API Specification"/>
    <property name="java.class.version" value="50.0"/>
    <property name="sun.management.compiler" value="HotSpot 64-Bit Tiered Compilers"/>
    <property name="os.version" value="3.7.10-gentoo"/>
    <property name="user.home" value="/home/bakerp2y"/>
    <property name="user.timezone" value="GMT+10:00"/>
    <property name="java.awt.printerjob" value="sun.print.PSPrinterJob"/>
    <property name="file.encoding" value="ANSI_X3.4-1968"/>
    <property name="java.specification.version" value="1.6"/>
    <property name="user.name" value="bakerp2y"/>
    <property name="java.class.path" value="/local/apps/maven/current/boot/plexus-classworlds-2.4.jar"/>
    <property name="java.vm.specification.version" value="1.0"/>
    <property name="sun.arch.data.model" value="64"/>
    <property name="java.home" value="/local/apps/java/jdk1.6.0_30/jre"/>
    <property name="sun.java.command" value="org.codehaus.plexus.classworlds.launcher.Launcher clean compile package"/>
    <property name="java.specification.vendor" value="Sun Microsystems Inc."/>
    <property name="user.language" value="en"/>
    <property name="java.vm.info" value="mixed mode"/>
    <property name="java.version" value="1.6.0_30"/>
    <property name="java.ext.dirs" value="/local/apps/java/jdk1.6.0_30/jre/lib/ext:/usr/java/packages/lib/ext"/>
    <property name="securerandom.source" value="file:/dev/./urandom"/>
    <property name="sun.boot.class.path" value="/local/apps/java/jdk1.6.0_30/jre/lib/resources.jar:/local/apps/java/jdk1.6.0_30/jre/lib/rt.jar:/local/apps/java/jdk1.6.0_30/jre/lib/sunrsasign.jar:/local/apps/java/jdk1.6.0_30/jre/lib/jsse.jar:/local/apps/java/jdk1.6.0_30/jre/lib/jce.jar:/local/apps/java/jdk1.6.0_30/jre/lib/charsets.jar:/local/apps/java/jdk1.6.0_30/jre/lib/modules/jdk.boot.jar:/local/apps/java/jdk1.6.0_30/jre/classes"/>
    <property name="java.vendor" value="Sun Microsystems Inc."/>
    <property name="maven.home" value="/local/apps/maven/current"/>
    <property name="file.separator" value="/"/>
    <property name="java.vendor.url.bug" value="http://java.sun.com/cgi-bin/bugreport.cgi"/>
    <property name="sun.cpu.endian" value="little"/>
    <property name="sun.io.unicode.encoding" value="UnicodeLittle"/>
    <property name="sun.cpu.isalist" value=""/>
  </properties>
  <testcase time="0.021" classname="au.net.abc.controller.MockResponseControllerTest" name="testBaseControllerOnAirGetEpg"/>
</testsuite>